2026-04-07 04:59:00.604: [INFO][Sync] Reset engine, reason: 8
2026-04-07 04:59:00.604: [INFO][Sync] Stopped: Bookmarks
2026-04-07 04:59:00.604: [INFO][Sync] Stopped: Preferences
2026-04-07 04:59:00.604: [INFO][Sync] Stopped: Passwords
2026-04-07 04:59:00.604: [INFO][Sync] Stopped: Autofill Profiles
2026-04-07 04:59:00.604: [INFO][Sync] Stopped: Autofill
2026-04-07 04:59:00.604: [INFO][Sync] Stopped: Extensions
2026-04-07 04:59:00.604: [INFO][Sync] Stopped: Sessions
2026-04-07 04:59:00.604: [INFO][Sync] Stopped: Extension settings
2026-04-07 04:59:00.604: [INFO][Sync] Stopped: History Delete Directives
2026-04-07 04:59:00.604: [INFO][Sync] Stopped: Device Info
2026-04-07 04:59:00.604: [INFO][Sync] Stopped: User Consents
2026-04-07 04:59:00.604: [INFO][Sync] Stopped: Send Tab To Self
2026-04-07 04:59:00.604: [INFO][Sync] Stopped: Web Apps
2026-04-07 04:59:00.604: [INFO][Sync] Stopped: History
2026-04-07 04:59:00.604: [INFO][Sync] Stopped: Saved Tab Group
2026-04-07 04:59:00.604: [INFO][Sync] Stopped: WebAuthn Credentials
2026-04-07 04:59:00.604: [INFO][Sync] Stopped: Collection
2026-04-07 04:59:00.604: [INFO][Sync] Stopped: Edge E Drop
2026-04-07 04:59:00.604: [INFO][Sync] Stopped: Edge Hub App Usage
2026-04-07 04:59:00.604: [INFO][Sync] Stopped: Edge Wallet
2026-04-07 04:59:00.604: [INFO][Sync] Stopped: Edge Workspace
2026-04-07 04:59:00.604: [INFO][Sync] SyncState after authenticated was: NotSignedIn
2026-04-07 04:59:01.150: [INFO][Sync] Reset engine, reason: 8
2026-04-07 04:59:01.150: [INFO][Sync] Stopped: Bookmarks
2026-04-07 04:59:01.150: [INFO][Sync] Stopped: Preferences
2026-04-07 04:59:01.150: [INFO][Sync] Stopped: Passwords
2026-04-07 04:59:01.150: [INFO][Sync] Stopped: Autofill Profiles
2026-04-07 04:59:01.150: [INFO][Sync] Stopped: Autofill
2026-04-07 04:59:01.150: [INFO][Sync] Stopped: Extensions
2026-04-07 04:59:01.150: [INFO][Sync] Stopped: Sessions
2026-04-07 04:59:01.150: [INFO][Sync] Stopped: Extension settings
2026-04-07 04:59:01.150: [INFO][Sync] Stopped: History Delete Directives
2026-04-07 04:59:01.150: [INFO][Sync] Stopped: Device Info
2026-04-07 04:59:01.150: [INFO][Sync] Stopped: User Consents
2026-04-07 04:59:01.150: [INFO][Sync] Stopped: Send Tab To Self
2026-04-07 04:59:01.150: [INFO][Sync] Stopped: Web Apps
2026-04-07 04:59:01.150: [INFO][Sync] Stopped: History
2026-04-07 04:59:01.150: [INFO][Sync] Stopped: Saved Tab Group
2026-04-07 04:59:01.150: [INFO][Sync] Stopped: WebAuthn Credentials
2026-04-07 04:59:01.150: [INFO][Sync] Stopped: Collection
2026-04-07 04:59:01.150: [INFO][Sync] Stopped: Edge E Drop
2026-04-07 04:59:01.150: [INFO][Sync] Stopped: Edge Hub App Usage
2026-04-07 04:59:01.150: [INFO][Sync] Stopped: Edge Wallet
2026-04-07 04:59:01.150: [INFO][Sync] Stopped: Edge Workspace
2026-04-07 04:59:06.959: [INFO][Sync] Try to start sync engine
2026-04-07 04:59:06.964: [INFO][SyncManagerImpl::NudgeForInitialDownload] Initial download nudge for Encryption Keys
2026-04-07 04:59:06.964: [INFO][SyncEngineBackend::LoadAndConnectNigoriController] Load and connect Nigori controller
2026-04-07 04:59:06.964: [INFO][SyncEngineBackend::DoInitialize] Control Types added: Encryption Keys
2026-04-07 04:59:06.964: [INFO][SyncManagerImpl::ConfigureSyncer] Types to download: Encryption Keys with reason: 3
2026-04-07 04:59:06.964: [INFO][SyncSchedulerImpl::DoConfigurationSyncCycleJob] Configure job was blocked
